[0220/163532.341:WARNING:dns_config_service_win.cc(668)] Failed to read DnsConfig.
[0220/163537.358:WARNING:dns_config_service_win.cc(668)] Failed to read DnsConfig.
[0220/163542.360:WARNING:dns_config_service_win.cc(668)] Failed to read DnsConfig.
[0220/163547.364:WARNING:dns_config_service_win.cc(668)] Failed to read DnsConfig.
[0220/163552.367:WARNING:dns_config_service_win.cc(668)] Failed to read DnsConfig.
[0220/163557.374:WARNING:dns_config_service_win.cc(668)] Failed to read DnsConfig.
[0220/163602.381:WARNING:dns_config_service_win.cc(668)] Failed to read DnsConfig.
[0220/163607.387:WARNING:dns_config_service_win.cc(668)] Failed to read DnsConfig.
[0220/163612.395:WARNING:dns_config_service_win.cc(668)] Failed to read DnsConfig.
[0220/163617.399:WARNING:dns_config_service_win.cc(668)] Failed to read DnsConfig.
[0220/163622.402:WARNING:dns_config_service_win.cc(668)] Failed to read DnsConfig.
[0220/163627.404:WARNING:dns_config_service_win.cc(668)] Failed to read DnsConfig.
[0220/163632.409:WARNING:dns_config_service_win.cc(668)] Failed to read DnsConfig.
[0220/163637.412:WARNING:dns_config_service_win.cc(668)] Failed to read DnsConfig.
[0220/163642.418:WARNING:dns_config_service_win.cc(668)] Failed to read DnsConfig.
[0220/163647.424:WARNING:dns_config_service_win.cc(668)] Failed to read DnsConfig.
[0220/163652.430:WARNING:dns_config_service_win.cc(668)] Failed to read DnsConfig.
[0220/163657.437:WARNING:dns_config_service_win.cc(668)] Failed to read DnsConfig.
[0220/163702.444:WARNING:dns_config_service_win.cc(668)] Failed to read DnsConfig.
[0220/163707.449:WARNING:dns_config_service_win.cc(668)] Failed to read DnsConfig.
[0220/163712.455:WARNING:dns_config_service_win.cc(668)] Failed to read DnsConfig.
[0220/163717.461:WARNING:dns_config_service_win.cc(668)] Failed to read DnsConfig.
[0220/163722.467:WARNING:dns_config_service_win.cc(668)] Failed to read DnsConfig.
[0220/163727.475:WARNING:dns_config_service_win.cc(668)] Failed to read DnsConfig.
[0220/163732.479:WARNING:dns_config_service_win.cc(668)] Failed to read DnsConfig.
[0220/163732.901:INFO:CONSOLE(1)] "Long rAF frame-time", source: file:///C:/Program%20Files/Adobe/Adobe%20Photoshop%202020/Required/www-rich-tooltips/build/external.js (1)
[0220/163732.921:INFO:CONSOLE(1)] "Long rAF frame-time", source: file:///C:/Program%20Files/Adobe/Adobe%20Photoshop%202020/Required/www-rich-tooltips/build/external.js (1)
[0220/163737.483:WARNING:dns_config_service_win.cc(668)] Failed to read DnsConfig.
[0220/163742.485:WARNING:dns_config_service_win.cc(668)] Failed to read DnsConfig.
[0220/163747.492:WARNING:dns_config_service_win.cc(668)] Failed to read DnsConfig.
[0220/163752.498:WARNING:dns_config_service_win.cc(668)] Failed to read DnsConfig.
[0220/163757.501:WARNING:dns_config_service_win.cc(668)] Failed to read DnsConfig.
[0220/163802.504:WARNING:dns_config_service_win.cc(668)] Failed to read DnsConfig.
[0220/163807.511:WARNING:dns_config_service_win.cc(668)] Failed to read DnsConfig.
[0220/163812.517:WARNING:dns_config_service_win.cc(668)] Failed to read DnsConfig.
[0220/163817.523:WARNING:dns_config_service_win.cc(668)] Failed to read DnsConfig.
[0220/163822.530:WARNING:dns_config_service_win.cc(668)] Failed to read DnsConfig.
[0220/163827.537:WARNING:dns_config_service_win.cc(668)] Failed to read DnsConfig.
[0220/163832.541:WARNING:dns_config_service_win.cc(668)] Failed to read DnsConfig.
[0220/163837.547:WARNING:dns_config_service_win.cc(668)] Failed to read DnsConfig.
[0220/163842.555:WARNING:dns_config_service_win.cc(668)] Failed to read DnsConfig.
[0220/163847.562:WARNING:dns_config_service_win.cc(668)] Failed to read DnsConfig.
[0220/163852.565:WARNING:dns_config_service_win.cc(668)] Failed to read DnsConfig.
[0220/163857.572:WARNING:dns_config_service_win.cc(668)] Failed to read DnsConfig.
[0220/163902.578:WARNING:dns_config_service_win.cc(668)] Failed to read DnsConfig.
[0220/163907.585:WARNING:dns_config_service_win.cc(668)] Failed to read DnsConfig.
[0220/163912.588:WARNING:dns_config_service_win.cc(668)] Failed to read DnsConfig.
[0220/163917.592:WARNING:dns_config_service_win.cc(668)] Failed to read DnsConfig.
[0220/163922.598:WARNING:dns_config_service_win.cc(668)] Failed to read DnsConfig.
[0220/163927.601:WARNING:dns_config_service_win.cc(668)] Failed to read DnsConfig.
[0220/163932.607:WARNING:dns_config_service_win.cc(668)] Failed to read DnsConfig.
[0220/163937.610:WARNING:dns_config_service_win.cc(668)] Failed to read DnsConfig.
[0220/163942.614:WARNING:dns_config_service_win.cc(668)] Failed to read DnsConfig.
[0220/163947.619:WARNING:dns_config_service_win.cc(668)] Failed to read DnsConfig.
[0220/163952.623:WARNING:dns_config_service_win.cc(668)] Failed to read DnsConfig.
[0220/163957.628:WARNING:dns_config_service_win.cc(668)] Failed to read DnsConfig.
[0220/164002.635:WARNING:dns_config_service_win.cc(668)] Failed to read DnsConfig.
[0220/164007.638:WARNING:dns_config_service_win.cc(668)] Failed to read DnsConfig.
[0220/164012.647:WARNING:dns_config_service_win.cc(668)] Failed to read DnsConfig.
[0220/164017.651:WARNING:dns_config_service_win.cc(668)] Failed to read DnsConfig.
[0220/164022.656:WARNING:dns_config_service_win.cc(668)] Failed to read DnsConfig.
[0220/164027.662:WARNING:dns_config_service_win.cc(668)] Failed to read DnsConfig.
[0220/164032.666:WARNING:dns_config_service_win.cc(668)] Failed to read DnsConfig.
[0220/164037.671:WARNING:dns_config_service_win.cc(668)] Failed to read DnsConfig.
[0220/164042.675:WARNING:dns_config_service_win.cc(668)] Failed to read DnsConfig.
[0220/164047.678:WARNING:dns_config_service_win.cc(668)] Failed to read DnsConfig.
[0220/164052.686:WARNING:dns_config_service_win.cc(668)] Failed to read DnsConfig.
[0220/164057.692:WARNING:dns_config_service_win.cc(668)] Failed to read DnsConfig.
[0220/164102.698:WARNING:dns_config_service_win.cc(668)] Failed to read DnsConfig.
[0220/164107.704:WARNING:dns_config_service_win.cc(668)] Failed to read DnsConfig.
[0220/164112.707:WARNING:dns_config_service_win.cc(668)] Failed to read DnsConfig.
[0220/164117.714:WARNING:dns_config_service_win.cc(668)] Failed to read DnsConfig.
[0220/164122.724:WARNING:dns_config_service_win.cc(668)] Failed to read DnsConfig.
[0220/164127.730:WARNING:dns_config_service_win.cc(668)] Failed to read DnsConfig.
[0220/164132.736:WARNING:dns_config_service_win.cc(668)] Failed to read DnsConfig.
[0220/164137.742:WARNING:dns_config_service_win.cc(668)] Failed to read DnsConfig.
[0220/164142.748:WARNING:dns_config_service_win.cc(668)] Failed to read DnsConfig.
[0220/164147.754:WARNING:dns_config_service_win.cc(668)] Failed to read DnsConfig.
[0220/164152.760:WARNING:dns_config_service_win.cc(668)] Failed to read DnsConfig.
[0220/164157.767:WARNING:dns_config_service_win.cc(668)] Failed to read DnsConfig.
[0220/164202.769:WARNING:dns_config_service_win.cc(668)] Failed to read DnsConfig.
[0220/164207.777:WARNING:dns_config_service_win.cc(668)] Failed to read DnsConfig.
[0220/164212.782:WARNING:dns_config_service_win.cc(668)] Failed to read DnsConfig.
[0220/164217.794:WARNING:dns_config_service_win.cc(668)] Failed to read DnsConfig.
[0220/164222.802:WARNING:dns_config_service_win.cc(668)] Failed to read DnsConfig.
[0220/164227.809:WARNING:dns_config_service_win.cc(668)] Failed to read DnsConfig.
[0220/164232.816:WARNING:dns_config_service_win.cc(668)] Failed to read DnsConfig.
[0220/164237.823:WARNING:dns_config_service_win.cc(668)] Failed to read DnsConfig.
[0220/164242.826:WARNING:dns_config_service_win.cc(668)] Failed to read DnsConfig.
[0220/164247.832:WARNING:dns_config_service_win.cc(668)] Failed to read DnsConfig.
[0220/164252.838:WARNING:dns_config_service_win.cc(668)] Failed to read DnsConfig.
[0220/164257.844:WARNING:dns_config_service_win.cc(668)] Failed to read DnsConfig.
[0220/164302.850:WARNING:dns_config_service_win.cc(668)] Failed to read DnsConfig.
[0220/164307.854:WARNING:dns_config_service_win.cc(668)] Failed to read DnsConfig.
[0220/164312.861:WARNING:dns_config_service_win.cc(668)] Failed to read DnsConfig.
[0220/164317.867:WARNING:dns_config_service_win.cc(668)] Failed to read DnsConfig.
[0220/164322.874:WARNING:dns_config_service_win.cc(668)] Failed to read DnsConfig.
[0220/164327.878:WARNING:dns_config_service_win.cc(668)] Failed to read DnsConfig.
[0220/164332.884:WARNING:dns_config_service_win.cc(668)] Failed to read DnsConfig.
[0220/164337.887:WARNING:dns_config_service_win.cc(668)] Failed to read DnsConfig.
[0220/164342.893:WARNING:dns_config_service_win.cc(668)] Failed to read DnsConfig.
[0220/164347.898:WARNING:dns_config_service_win.cc(668)] Failed to read DnsConfig.
[0220/164352.905:WARNING:dns_config_service_win.cc(668)] Failed to read DnsConfig.
[0220/164357.910:WARNING:dns_config_service_win.cc(668)] Failed to read DnsConfig.
[0220/164402.917:WARNING:dns_config_service_win.cc(668)] Failed to read DnsConfig.
[0220/164407.919:WARNING:dns_config_service_win.cc(668)] Failed to read DnsConfig.
[0220/164412.926:WARNING:dns_config_service_win.cc(668)] Failed to read DnsConfig.
[0220/164417.934:WARNING:dns_config_service_win.cc(668)] Failed to read DnsConfig.
[0220/164422.940:WARNING:dns_config_service_win.cc(668)] Failed to read DnsConfig.
[0220/164427.942:WARNING:dns_config_service_win.cc(668)] Failed to read DnsConfig.
[0220/164432.950:WARNING:dns_config_service_win.cc(668)] Failed to read DnsConfig.
[0220/164437.952:WARNING:dns_config_service_win.cc(668)] Failed to read DnsConfig.
[0220/164442.958:WARNING:dns_config_service_win.cc(668)] Failed to read DnsConfig.
[0220/164447.965:WARNING:dns_config_service_win.cc(668)] Failed to read DnsConfig.
[0220/164452.973:WARNING:dns_config_service_win.cc(668)] Failed to read DnsConfig.
[0220/164457.976:WARNING:dns_config_service_win.cc(668)] Failed to read DnsConfig.
[0220/164502.983:WARNING:dns_config_service_win.cc(668)] Failed to read DnsConfig.
[0220/164507.988:WARNING:dns_config_service_win.cc(668)] Failed to read DnsConfig.
[0220/164512.995:WARNING:dns_config_service_win.cc(668)] Failed to read DnsConfig.
[0220/164517.997:WARNING:dns_config_service_win.cc(668)] Failed to read DnsConfig.
[0220/164523.003:WARNING:dns_config_service_win.cc(668)] Failed to read DnsConfig.
[0220/164528.007:WARNING:dns_config_service_win.cc(668)] Failed to read DnsConfig.
[0220/164533.010:WARNING:dns_config_service_win.cc(668)] Failed to read DnsConfig.
[0220/164538.016:WARNING:dns_config_service_win.cc(668)] Failed to read DnsConfig.
[0220/164543.023:WARNING:dns_config_service_win.cc(668)] Failed to read DnsConfig.
[0220/164548.028:WARNING:dns_config_service_win.cc(668)] Failed to read DnsConfig.
[0220/164553.032:WARNING:dns_config_service_win.cc(668)] Failed to read DnsConfig.
[0220/164558.038:WARNING:dns_config_service_win.cc(668)] Failed to read DnsConfig.
[0220/164603.040:WARNING:dns_config_service_win.cc(668)] Failed to read DnsConfig.
[0220/164608.047:WARNING:dns_config_service_win.cc(668)] Failed to read DnsConfig.
[0220/164613.054:WARNING:dns_config_service_win.cc(668)] Failed to read DnsConfig.
[0220/164618.059:WARNING:dns_config_service_win.cc(668)] Failed to read DnsConfig.
[0220/164623.065:WARNING:dns_config_service_win.cc(668)] Failed to read DnsConfig.
[0220/164628.072:WARNING:dns_config_service_win.cc(668)] Failed to read DnsConfig.
[0220/164633.074:WARNING:dns_config_service_win.cc(668)] Failed to read DnsConfig.
[0220/164638.078:WARNING:dns_config_service_win.cc(668)] Failed to read DnsConfig.
[0220/164643.086:WARNING:dns_config_service_win.cc(668)] Failed to read DnsConfig.
[0220/164648.092:WARNING:dns_config_service_win.cc(668)] Failed to read DnsConfig.
[0220/164653.101:WARNING:dns_config_service_win.cc(668)] Failed to read DnsConfig.
[0220/164658.107:WARNING:dns_config_service_win.cc(668)] Failed to read DnsConfig.
[0220/164703.114:WARNING:dns_config_service_win.cc(668)] Failed to read DnsConfig.
[0220/164708.121:WARNING:dns_config_service_win.cc(668)] Failed to read DnsConfig.
[0220/164713.123:WARNING:dns_config_service_win.cc(668)] Failed to read DnsConfig.
[0220/164718.126:WARNING:dns_config_service_win.cc(668)] Failed to read DnsConfig.
[0220/164723.133:WARNING:dns_config_service_win.cc(668)] Failed to read DnsConfig.
[0220/164728.142:WARNING:dns_config_service_win.cc(668)] Failed to read DnsConfig.
[0220/164733.148:WARNING:dns_config_service_win.cc(668)] Failed to read DnsConfig.
[0220/164738.154:WARNING:dns_config_service_win.cc(668)] Failed to read DnsConfig.
[0220/164743.159:WARNING:dns_config_service_win.cc(668)] Failed to read DnsConfig.
[0220/164748.163:WARNING:dns_config_service_win.cc(668)] Failed to read DnsConfig.
[0220/164753.169:WARNING:dns_config_service_win.cc(668)] Failed to read DnsConfig.
[0220/164758.172:WARNING:dns_config_service_win.cc(668)] Failed to read DnsConfig.
[0220/164803.179:WARNING:dns_config_service_win.cc(668)] Failed to read DnsConfig.
[0220/164808.186:WARNING:dns_config_service_win.cc(668)] Failed to read DnsConfig.
[0220/164813.192:WARNING:dns_config_service_win.cc(668)] Failed to read DnsConfig.
[0220/164818.198:WARNING:dns_config_service_win.cc(668)] Failed to read DnsConfig.
[0220/164823.202:WARNING:dns_config_service_win.cc(668)] Failed to read DnsConfig.
[0220/164828.205:WARNING:dns_config_service_win.cc(668)] Failed to read DnsConfig.
[0220/164833.211:WARNING:dns_config_service_win.cc(668)] Failed to read DnsConfig.
[0220/164838.217:WARNING:dns_config_service_win.cc(668)] Failed to read DnsConfig.
[0220/164843.224:WARNING:dns_config_service_win.cc(668)] Failed to read DnsConfig.
[0220/164848.228:WARNING:dns_config_service_win.cc(668)] Failed to read DnsConfig.
[0220/164853.233:WARNING:dns_config_service_win.cc(668)] Failed to read DnsConfig.
[0220/164858.239:WARNING:dns_config_service_win.cc(668)] Failed to read DnsConfig.
[0220/164903.245:WARNING:dns_config_service_win.cc(668)] Failed to read DnsConfig.
[0220/164908.251:WARNING:dns_config_service_win.cc(668)] Failed to read DnsConfig.
[0220/164913.259:WARNING:dns_config_service_win.cc(668)] Failed to read DnsConfig.
[0220/164918.265:WARNING:dns_config_service_win.cc(668)] Failed to read DnsConfig.
[0220/164923.272:WARNING:dns_config_service_win.cc(668)] Failed to read DnsConfig.
[0220/164928.278:WARNING:dns_config_service_win.cc(668)] Failed to read DnsConfig.
[0220/164933.286:WARNING:dns_config_service_win.cc(668)] Failed to read DnsConfig.
[0220/164938.289:WARNING:dns_config_service_win.cc(668)] Failed to read DnsConfig.
[0220/164943.298:WARNING:dns_config_service_win.cc(668)] Failed to read DnsConfig.
[0220/164948.305:WARNING:dns_config_service_win.cc(668)] Failed to read DnsConfig.
[0220/164953.309:WARNING:dns_config_service_win.cc(668)] Failed to read DnsConfig.
[0220/164958.314:WARNING:dns_config_service_win.cc(668)] Failed to read DnsConfig.
[0220/165003.320:WARNING:dns_config_service_win.cc(668)] Failed to read DnsConfig.
[0220/165008.326:WARNING:dns_config_service_win.cc(668)] Failed to read DnsConfig.
[0220/165013.332:WARNING:dns_config_service_win.cc(668)] Failed to read DnsConfig.
[0220/165018.339:WARNING:dns_config_service_win.cc(668)] Failed to read DnsConfig.
[0220/165023.346:WARNING:dns_config_service_win.cc(668)] Failed to read DnsConfig.
[0220/165028.352:WARNING:dns_config_service_win.cc(668)] Failed to read DnsConfig.
[0220/165033.358:WARNING:dns_config_service_win.cc(668)] Failed to read DnsConfig.
[0220/165038.364:WARNING:dns_config_service_win.cc(668)] Failed to read DnsConfig.
[0220/165043.370:WARNING:dns_config_service_win.cc(668)] Failed to read DnsConfig.
[0220/165048.377:WARNING:dns_config_service_win.cc(668)] Failed to read DnsConfig.
[0220/165053.383:WARNING:dns_config_service_win.cc(668)] Failed to read DnsConfig.
[0220/165058.389:WARNING:dns_config_service_win.cc(668)] Failed to read DnsConfig.
[0220/165103.395:WARNING:dns_config_service_win.cc(668)] Failed to read DnsConfig.
[0220/165108.402:WARNING:dns_config_service_win.cc(668)] Failed to read DnsConfig.
[0220/165113.408:WARNING:dns_config_service_win.cc(668)] Failed to read DnsConfig.
[0220/165118.412:WARNING:dns_config_service_win.cc(668)] Failed to read DnsConfig.
[0220/165123.415:WARNING:dns_config_service_win.cc(668)] Failed to read DnsConfig.
[0220/165128.421:WARNING:dns_config_service_win.cc(668)] Failed to read DnsConfig.
[0220/165133.428:WARNING:dns_config_service_win.cc(668)] Failed to read DnsConfig.
[0220/165138.434:WARNING:dns_config_service_win.cc(668)] Failed to read DnsConfig.
[0220/165143.440:WARNING:dns_config_service_win.cc(668)] Failed to read DnsConfig.
[0220/165148.447:WARNING:dns_config_service_win.cc(668)] Failed to read DnsConfig.
[0220/165153.452:WARNING:dns_config_service_win.cc(668)] Failed to read DnsConfig.
[0220/165158.460:WARNING:dns_config_service_win.cc(668)] Failed to read DnsConfig.
[0220/165203.468:WARNING:dns_config_service_win.cc(668)] Failed to read DnsConfig.
[0220/165208.474:WARNING:dns_config_service_win.cc(668)] Failed to read DnsConfig.
[0220/165213.480:WARNING:dns_config_service_win.cc(668)] Failed to read DnsConfig.
[0220/165218.483:WARNING:dns_config_service_win.cc(668)] Failed to read DnsConfig.
[0220/165223.489:WARNING:dns_config_service_win.cc(668)] Failed to read DnsConfig.
[0220/165228.493:WARNING:dns_config_service_win.cc(668)] Failed to read DnsConfig.
[0220/165233.495:WARNING:dns_config_service_win.cc(668)] Failed to read DnsConfig.
[0220/165238.504:WARNING:dns_config_service_win.cc(668)] Failed to read DnsConfig.
[0220/165243.510:WARNING:dns_config_service_win.cc(668)] Failed to read DnsConfig.
[0220/165248.516:WARNING:dns_config_service_win.cc(668)] Failed to read DnsConfig.
[0220/165253.523:WARNING:dns_config_service_win.cc(668)] Failed to read DnsConfig.
[0220/165258.530:WARNING:dns_config_service_win.cc(668)] Failed to read DnsConfig.
[0220/165303.536:WARNING:dns_config_service_win.cc(668)] Failed to read DnsConfig.
[0220/165308.543:WARNING:dns_config_service_win.cc(668)] Failed to read DnsConfig.
[0220/165313.548:WARNING:dns_config_service_win.cc(668)] Failed to read DnsConfig.
[0220/165318.556:WARNING:dns_config_service_win.cc(668)] Failed to read DnsConfig.
[0220/165323.562:WARNING:dns_config_service_win.cc(668)] Failed to read DnsConfig.
[0220/165328.567:WARNING:dns_config_service_win.cc(668)] Failed to read DnsConfig.
[0220/165333.575:WARNING:dns_config_service_win.cc(668)] Failed to read DnsConfig.
[0220/165338.580:WARNING:dns_config_service_win.cc(668)] Failed to read DnsConfig.
[0220/165343.588:WARNING:dns_config_service_win.cc(668)] Failed to read DnsConfig.
[0220/165348.593:WARNING:dns_config_service_win.cc(668)] Failed to read DnsConfig.
[0220/165353.601:WARNING:dns_config_service_win.cc(668)] Failed to read DnsConfig.
[0220/165358.607:WARNING:dns_config_service_win.cc(668)] Failed to read DnsConfig.
[0220/165403.613:WARNING:dns_config_service_win.cc(668)] Failed to read DnsConfig.
[0220/165408.620:WARNING:dns_config_service_win.cc(668)] Failed to read DnsConfig.
[0220/165413.626:WARNING:dns_config_service_win.cc(668)] Failed to read DnsConfig.
[0220/165418.632:WARNING:dns_config_service_win.cc(668)] Failed to read DnsConfig.
[0220/165423.639:WARNING:dns_config_service_win.cc(668)] Failed to read DnsConfig.
[0220/165428.646:WARNING:dns_config_service_win.cc(668)] Failed to read DnsConfig.
[0220/165433.650:WARNING:dns_config_service_win.cc(668)] Failed to read DnsConfig.
[0220/165438.657:WARNING:dns_config_service_win.cc(668)] Failed to read DnsConfig.
[0220/165443.662:WARNING:dns_config_service_win.cc(668)] Failed to read DnsConfig.
[0220/165448.665:WARNING:dns_config_service_win.cc(668)] Failed to read DnsConfig.
[0220/165453.671:WARNING:dns_config_service_win.cc(668)] Failed to read DnsConfig.
[0220/165458.677:WARNING:dns_config_service_win.cc(668)] Failed to read DnsConfig.
[0220/165503.684:WARNING:dns_config_service_win.cc(668)] Failed to read DnsConfig.
[0220/165508.690:WARNING:dns_config_service_win.cc(668)] Failed to read DnsConfig.
[0220/165513.696:WARNING:dns_config_service_win.cc(668)] Failed to read DnsConfig.
[0220/165518.702:WARNING:dns_config_service_win.cc(668)] Failed to read DnsConfig.
[0220/165523.708:WARNING:dns_config_service_win.cc(668)] Failed to read DnsConfig.
[0220/165528.714:WARNING:dns_config_service_win.cc(668)] Failed to read DnsConfig.
[0220/165533.720:WARNING:dns_config_service_win.cc(668)] Failed to read DnsConfig.
[0220/165538.727:WARNING:dns_config_service_win.cc(668)] Failed to read DnsConfig.
[0220/165543.733:WARNING:dns_config_service_win.cc(668)] Failed to read DnsConfig.
[0220/165548.739:WARNING:dns_config_service_win.cc(668)] Failed to read DnsConfig.
[0220/165553.745:WARNING:dns_config_service_win.cc(668)] Failed to read DnsConfig.
[0220/165558.751:WARNING:dns_config_service_win.cc(668)] Failed to read DnsConfig.
[0220/165603.757:WARNING:dns_config_service_win.cc(668)] Failed to read DnsConfig.
[0220/165608.763:WARNING:dns_config_service_win.cc(668)] Failed to read DnsConfig.
[0220/165613.769:WARNING:dns_config_service_win.cc(668)] Failed to read DnsConfig.
[0220/165618.773:WARNING:dns_config_service_win.cc(668)] Failed to read DnsConfig.
[0220/165623.776:WARNING:dns_config_service_win.cc(668)] Failed to read DnsConfig.
[0220/165628.782:WARNING:dns_config_service_win.cc(668)] Failed to read DnsConfig.
[0220/165633.788:WARNING:dns_config_service_win.cc(668)] Failed to read DnsConfig.
[0220/165638.794:WARNING:dns_config_service_win.cc(668)] Failed to read DnsConfig.
[0220/165643.799:WARNING:dns_config_service_win.cc(668)] Failed to read DnsConfig.
[0220/165648.807:WARNING:dns_config_service_win.cc(668)] Failed to read DnsConfig.
[0220/165653.815:WARNING:dns_config_service_win.cc(668)] Failed to read DnsConfig.
[0220/165658.822:WARNING:dns_config_service_win.cc(668)] Failed to read DnsConfig.
[0220/165703.830:WARNING:dns_config_service_win.cc(668)] Failed to read DnsConfig.
[0220/165708.836:WARNING:dns_config_service_win.cc(668)] Failed to read DnsConfig.
[0220/165713.840:WARNING:dns_config_service_win.cc(668)] Failed to read DnsConfig.
[0220/165718.843:WARNING:dns_config_service_win.cc(668)] Failed to read DnsConfig.
[0220/165723.847:WARNING:dns_config_service_win.cc(668)] Failed to read DnsConfig.
[0220/165728.855:WARNING:dns_config_service_win.cc(668)] Failed to read DnsConfig.
[0220/165733.861:WARNING:dns_config_service_win.cc(668)] Failed to read DnsConfig.
[0220/165738.870:WARNING:dns_config_service_win.cc(668)] Failed to read DnsConfig.
[0220/165743.872:WARNING:dns_config_service_win.cc(668)] Failed to read DnsConfig.
[0220/165748.879:WARNING:dns_config_service_win.cc(668)] Failed to read DnsConfig.
[0220/165753.886:WARNING:dns_config_service_win.cc(668)] Failed to read DnsConfig.
[0220/165758.889:WARNING:dns_config_service_win.cc(668)] Failed to read DnsConfig.
[0220/165803.893:WARNING:dns_config_service_win.cc(668)] Failed to read DnsConfig.
[0220/165808.897:WARNING:dns_config_service_win.cc(668)] Failed to read DnsConfig.
[0220/165813.901:WARNING:dns_config_service_win.cc(668)] Failed to read DnsConfig.
[0220/165818.908:WARNING:dns_config_service_win.cc(668)] Failed to read DnsConfig.
[0220/165823.914:WARNING:dns_config_service_win.cc(668)] Failed to read DnsConfig.
[0220/165828.919:WARNING:dns_config_service_win.cc(668)] Failed to read DnsConfig.
[0220/165833.921:WARNING:dns_config_service_win.cc(668)] Failed to read DnsConfig.
[0220/165838.928:WARNING:dns_config_service_win.cc(668)] Failed to read DnsConfig.
[0220/165843.931:WARNING:dns_config_service_win.cc(668)] Failed to read DnsConfig.
[0220/165848.934:WARNING:dns_config_service_win.cc(668)] Failed to read DnsConfig.
[0220/165853.937:WARNING:dns_config_service_win.cc(668)] Failed to read DnsConfig.
[0220/165858.941:WARNING:dns_config_service_win.cc(668)] Failed to read DnsConfig.
[0220/165903.944:WARNING:dns_config_service_win.cc(668)] Failed to read DnsConfig.
[0220/165908.948:WARNING:dns_config_service_win.cc(668)] Failed to read DnsConfig.
[0220/165913.950:WARNING:dns_config_service_win.cc(668)] Failed to read DnsConfig.
[0220/165918.953:WARNING:dns_config_service_win.cc(668)] Failed to read DnsConfig.
[0220/165923.956:WARNING:dns_config_service_win.cc(668)] Failed to read DnsConfig.
[0220/165928.963:WARNING:dns_config_service_win.cc(668)] Failed to read DnsConfig.
[0220/165933.970:WARNING:dns_config_service_win.cc(668)] Failed to read DnsConfig.
[0220/165938.976:WARNING:dns_config_service_win.cc(668)] Failed to read DnsConfig.
[0220/165943.983:WARNING:dns_config_service_win.cc(668)] Failed to read DnsConfig.
[0220/165948.989:WARNING:dns_config_service_win.cc(668)] Failed to read DnsConfig.
[0220/165953.995:WARNING:dns_config_service_win.cc(668)] Failed to read DnsConfig.
[0220/165959.002:WARNING:dns_config_service_win.cc(668)] Failed to read DnsConfig.
[0220/170004.008:WARNING:dns_config_service_win.cc(668)] Failed to read DnsConfig.
[0220/170009.015:WARNING:dns_config_service_win.cc(668)] Failed to read DnsConfig.
[0220/170014.023:WARNING:dns_config_service_win.cc(668)] Failed to read DnsConfig.
[0220/170019.028:WARNING:dns_config_service_win.cc(668)] Failed to read DnsConfig.
[0220/170024.035:WARNING:dns_config_service_win.cc(668)] Failed to read DnsConfig.
[0220/170029.042:WARNING:dns_config_service_win.cc(668)] Failed to read DnsConfig.
[0220/170034.048:WARNING:dns_config_service_win.cc(668)] Failed to read DnsConfig.
[0220/170039.055:WARNING:dns_config_service_win.cc(668)] Failed to read DnsConfig.
[0220/170044.062:WARNING:dns_config_service_win.cc(668)] Failed to read DnsConfig.
[0220/170049.068:WARNING:dns_config_service_win.cc(668)] Failed to read DnsConfig.
[0220/170054.075:WARNING:dns_config_service_win.cc(668)] Failed to read DnsConfig.
[0220/170059.079:WARNING:dns_config_service_win.cc(668)] Failed to read DnsConfig.
[0220/170104.085:WARNING:dns_config_service_win.cc(668)] Failed to read DnsConfig.
[0220/170109.094:WARNING:dns_config_service_win.cc(668)] Failed to read DnsConfig.
[0220/170114.100:WARNING:dns_config_service_win.cc(668)] Failed to read DnsConfig.
[0220/170119.107:WARNING:dns_config_service_win.cc(668)] Failed to read DnsConfig.
[0220/170124.114:WARNING:dns_config_service_win.cc(668)] Failed to read DnsConfig.
[0220/170129.120:WARNING:dns_config_service_win.cc(668)] Failed to read DnsConfig.
[0220/170134.126:WARNING:dns_config_service_win.cc(668)] Failed to read DnsConfig.
[0220/170139.134:WARNING:dns_config_service_win.cc(668)] Failed to read DnsConfig.
[0220/170144.141:WARNING:dns_config_service_win.cc(668)] Failed to read DnsConfig.
[0220/170149.149:WARNING:dns_config_service_win.cc(668)] Failed to read DnsConfig.
[0220/170154.151:WARNING:dns_config_service_win.cc(668)] Failed to read DnsConfig.
[0220/170159.155:WARNING:dns_config_service_win.cc(668)] Failed to read DnsConfig.
[0220/170204.159:WARNING:dns_config_service_win.cc(668)] Failed to read DnsConfig.
[0220/170209.164:WARNING:dns_config_service_win.cc(668)] Failed to read DnsConfig.
[0220/170214.170:WARNING:dns_config_service_win.cc(668)] Failed to read DnsConfig.
[0220/170219.176:WARNING:dns_config_service_win.cc(668)] Failed to read DnsConfig.
[0220/170224.182:WARNING:dns_config_service_win.cc(668)] Failed to read DnsConfig.
[0220/170229.185:WARNING:dns_config_service_win.cc(668)] Failed to read DnsConfig.
[0220/170234.187:WARNING:dns_config_service_win.cc(668)] Failed to read DnsConfig.
[0220/170239.194:WARNING:dns_config_service_win.cc(668)] Failed to read DnsConfig.
[0220/170244.200:WARNING:dns_config_service_win.cc(668)] Failed to read DnsConfig.
[0220/170249.205:WARNING:dns_config_service_win.cc(668)] Failed to read DnsConfig.
[0220/170254.212:WARNING:dns_config_service_win.cc(668)] Failed to read DnsConfig.
[0220/170259.218:WARNING:dns_config_service_win.cc(668)] Failed to read DnsConfig.
[0220/170304.227:WARNING:dns_config_service_win.cc(668)] Failed to read DnsConfig.
[0220/170309.232:WARNING:dns_config_service_win.cc(668)] Failed to read DnsConfig.
[0220/170314.239:WARNING:dns_config_service_win.cc(668)] Failed to read DnsConfig.
[0220/170319.246:WARNING:dns_config_service_win.cc(668)] Failed to read DnsConfig.
[0220/170324.253:WARNING:dns_config_service_win.cc(668)] Failed to read DnsConfig.
[0220/170329.260:WARNING:dns_config_service_win.cc(668)] Failed to read DnsConfig.
[0220/170334.266:WARNING:dns_config_service_win.cc(668)] Failed to read DnsConfig.
[0220/170339.269:WARNING:dns_config_service_win.cc(668)] Failed to read DnsConfig.
[0220/170344.281:WARNING:dns_config_service_win.cc(668)] Failed to read DnsConfig.
[0220/170349.288:WARNING:dns_config_service_win.cc(668)] Failed to read DnsConfig.
[0220/170354.295:WARNING:dns_config_service_win.cc(668)] Failed to read DnsConfig.
[0220/170359.298:WARNING:dns_config_service_win.cc(668)] Failed to read DnsConfig.
[0220/170404.300:WARNING:dns_config_service_win.cc(668)] Failed to read DnsConfig.
[0220/170409.307:WARNING:dns_config_service_win.cc(668)] Failed to read DnsConfig.
[0220/170414.313:WARNING:dns_config_service_win.cc(668)] Failed to read DnsConfig.
[0220/170419.321:WARNING:dns_config_service_win.cc(668)] Failed to read DnsConfig.
[0220/170424.327:WARNING:dns_config_service_win.cc(668)] Failed to read DnsConfig.
[0220/170429.331:WARNING:dns_config_service_win.cc(668)] Failed to read DnsConfig.
[0220/170434.336:WARNING:dns_config_service_win.cc(668)] Failed to read DnsConfig.
[0220/170439.339:WARNING:dns_config_service_win.cc(668)] Failed to read DnsConfig.
[0220/170444.323:INFO:CONSOLE(1)] "(node) warning: possible EventEmitter memory leak detected. %d listeners added. Use emitter.setMaxListeners() to increase limit.", source: file:///C:/Program%20Files/Adobe/Adobe%20Photoshop%202020/Required/www-learn/build/external.js (1)
[0220/170444.324:INFO:CONSOLE(1)] "console.trace", source: file:///C:/Program%20Files/Adobe/Adobe%20Photoshop%202020/Required/www-learn/build/external.js (1)
[0220/170444.324:INFO:CONSOLE(1)] "(node) warning: possible EventEmitter memory leak detected. %d listeners added. Use emitter.setMaxListeners() to increase limit.", source: file:///C:/Program%20Files/Adobe/Adobe%20Photoshop%202020/Required/www-learn/build/external.js (1)
[0220/170444.324:INFO:CONSOLE(1)] "console.trace", source: file:///C:/Program%20Files/Adobe/Adobe%20Photoshop%202020/Required/www-learn/build/external.js (1)
[0220/170444.324:INFO:CONSOLE(1)] "(node) warning: possible EventEmitter memory leak detected. %d listeners added. Use emitter.setMaxListeners() to increase limit.", source: file:///C:/Program%20Files/Adobe/Adobe%20Photoshop%202020/Required/www-learn/build/external.js (1)
[0220/170444.325:INFO:CONSOLE(1)] "console.trace", source: file:///C:/Program%20Files/Adobe/Adobe%20Photoshop%202020/Required/www-learn/build/external.js (1)
[0220/170444.341:WARNING:dns_config_service_win.cc(668)] Failed to read DnsConfig.
[0220/170449.348:WARNING:dns_config_service_win.cc(668)] Failed to read DnsConfig.
[0220/170454.356:WARNING:dns_config_service_win.cc(668)] Failed to read DnsConfig.
[0220/170459.358:WARNING:dns_config_service_win.cc(668)] Failed to read DnsConfig.
[0220/170504.362:WARNING:dns_config_service_win.cc(668)] Failed to read DnsConfig.
[0220/170509.366:WARNING:dns_config_service_win.cc(668)] Failed to read DnsConfig.
[0220/170514.375:WARNING:dns_config_service_win.cc(668)] Failed to read DnsConfig.
[0220/170519.381:WARNING:dns_config_service_win.cc(668)] Failed to read DnsConfig.
[0220/170524.388:WARNING:dns_config_service_win.cc(668)] Failed to read DnsConfig.
[0220/170529.394:WARNING:dns_config_service_win.cc(668)] Failed to read DnsConfig.
[0220/170534.398:WARNING:dns_config_service_win.cc(668)] Failed to read DnsConfig.
[0220/170539.404:WARNING:dns_config_service_win.cc(668)] Failed to read DnsConfig.
[0220/170544.411:WARNING:dns_config_service_win.cc(668)] Failed to read DnsConfig.
[0220/170549.416:WARNING:dns_config_service_win.cc(668)] Failed to read DnsConfig.
[0220/170554.422:WARNING:dns_config_service_win.cc(668)] Failed to read DnsConfig.
[0220/170559.429:WARNING:dns_config_service_win.cc(668)] Failed to read DnsConfig.
[0220/170604.435:WARNING:dns_config_service_win.cc(668)] Failed to read DnsConfig.
[0220/170609.442:WARNING:dns_config_service_win.cc(668)] Failed to read DnsConfig.
[0220/170614.448:WARNING:dns_config_service_win.cc(668)] Failed to read DnsConfig.
[0220/170619.454:WARNING:dns_config_service_win.cc(668)] Failed to read DnsConfig.
[0220/170624.459:WARNING:dns_config_service_win.cc(668)] Failed to read DnsConfig.
[0220/170629.465:WARNING:dns_config_service_win.cc(668)] Failed to read DnsConfig.
[0220/170634.473:WARNING:dns_config_service_win.cc(668)] Failed to read DnsConfig.
[0220/170639.479:WARNING:dns_config_service_win.cc(668)] Failed to read DnsConfig.
[0220/170644.484:WARNING:dns_config_service_win.cc(668)] Failed to read DnsConfig.
[0220/170649.490:WARNING:dns_config_service_win.cc(668)] Failed to read DnsConfig.
[0220/170654.497:WARNING:dns_config_service_win.cc(668)] Failed to read DnsConfig.
[0220/170659.504:WARNING:dns_config_service_win.cc(668)] Failed to read DnsConfig.
[0220/170704.511:WARNING:dns_config_service_win.cc(668)] Failed to read DnsConfig.
[0220/170709.517:WARNING:dns_config_service_win.cc(668)] Failed to read DnsConfig.
[0220/170714.523:WARNING:dns_config_service_win.cc(668)] Failed to read DnsConfig.
[0220/170719.530:WARNING:dns_config_service_win.cc(668)] Failed to read DnsConfig.
[0220/170724.536:WARNING:dns_config_service_win.cc(668)] Failed to read DnsConfig.
[0220/170729.542:WARNING:dns_config_service_win.cc(668)] Failed to read DnsConfig.
[0220/170734.549:WARNING:dns_config_service_win.cc(668)] Failed to read DnsConfig.
[0220/170739.553:WARNING:dns_config_service_win.cc(668)] Failed to read DnsConfig.
[0220/170744.561:WARNING:dns_config_service_win.cc(668)] Failed to read DnsConfig.
[0220/170749.569:WARNING:dns_config_service_win.cc(668)] Failed to read DnsConfig.
[0220/170754.577:WARNING:dns_config_service_win.cc(668)] Failed to read DnsConfig.
[0220/170759.584:WARNING:dns_config_service_win.cc(668)] Failed to read DnsConfig.
[0220/170804.590:WARNING:dns_config_service_win.cc(668)] Failed to read DnsConfig.
[0220/170809.600:WARNING:dns_config_service_win.cc(668)] Failed to read DnsConfig.
[0220/170814.606:WARNING:dns_config_service_win.cc(668)] Failed to read DnsConfig.
[0220/170819.612:WARNING:dns_config_service_win.cc(668)] Failed to read DnsConfig.
[0220/170824.619:WARNING:dns_config_service_win.cc(668)] Failed to read DnsConfig.
[0220/170829.626:WARNING:dns_config_service_win.cc(668)] Failed to read DnsConfig.
[0220/170834.633:WARNING:dns_config_service_win.cc(668)] Failed to read DnsConfig.
[0220/170839.639:WARNING:dns_config_service_win.cc(668)] Failed to read DnsConfig.
[0220/170844.645:WARNING:dns_config_service_win.cc(668)] Failed to read DnsConfig.
[0220/170849.651:WARNING:dns_config_service_win.cc(668)] Failed to read DnsConfig.
[0220/170854.654:WARNING:dns_config_service_win.cc(668)] Failed to read DnsConfig.
[0220/170859.661:WARNING:dns_config_service_win.cc(668)] Failed to read DnsConfig.
[0220/170904.667:WARNING:dns_config_service_win.cc(668)] Failed to read DnsConfig.
[0220/170909.674:WARNING:dns_config_service_win.cc(668)] Failed to read DnsConfig.
[0220/170914.681:WARNING:dns_config_service_win.cc(668)] Failed to read DnsConfig.
[0220/170919.689:WARNING:dns_config_service_win.cc(668)] Failed to read DnsConfig.
[0220/170924.695:WARNING:dns_config_service_win.cc(668)] Failed to read DnsConfig.
[0220/170929.701:WARNING:dns_config_service_win.cc(668)] Failed to read DnsConfig.
[0220/170934.705:WARNING:dns_config_service_win.cc(668)] Failed to read DnsConfig.
[0220/170939.711:WARNING:dns_config_service_win.cc(668)] Failed to read DnsConfig.
[0220/170944.716:WARNING:dns_config_service_win.cc(668)] Failed to read DnsConfig.
[0220/170949.723:WARNING:dns_config_service_win.cc(668)] Failed to read DnsConfig.
[0220/170954.730:WARNING:dns_config_service_win.cc(668)] Failed to read DnsConfig.
[0220/170959.738:WARNING:dns_config_service_win.cc(668)] Failed to read DnsConfig.
[0220/171004.744:WARNING:dns_config_service_win.cc(668)] Failed to read DnsConfig.
[0220/171009.747:WARNING:dns_config_service_win.cc(668)] Failed to read DnsConfig.
[0220/171014.756:WARNING:dns_config_service_win.cc(668)] Failed to read DnsConfig.
[0220/171019.761:WARNING:dns_config_service_win.cc(668)] Failed to read DnsConfig.
[0220/171024.770:WARNING:dns_config_service_win.cc(668)] Failed to read DnsConfig.
[0220/171029.778:WARNING:dns_config_service_win.cc(668)] Failed to read DnsConfig.
[0220/171034.785:WARNING:dns_config_service_win.cc(668)] Failed to read DnsConfig.
[0220/171039.791:WARNING:dns_config_service_win.cc(668)] Failed to read DnsConfig.
[0220/171044.796:WARNING:dns_config_service_win.cc(668)] Failed to read DnsConfig.
[0220/171049.802:WARNING:dns_config_service_win.cc(668)] Failed to read DnsConfig.
[0220/171054.809:WARNING:dns_config_service_win.cc(668)] Failed to read DnsConfig.
[0220/171059.815:WARNING:dns_config_service_win.cc(668)] Failed to read DnsConfig.
[0220/171104.822:WARNING:dns_config_service_win.cc(668)] Failed to read DnsConfig.
[0220/171109.829:WARNING:dns_config_service_win.cc(668)] Failed to read DnsConfig.
[0220/171114.832:WARNING:dns_config_service_win.cc(668)] Failed to read DnsConfig.
[0220/171119.839:WARNING:dns_config_service_win.cc(668)] Failed to read DnsConfig.
[0220/171124.846:WARNING:dns_config_service_win.cc(668)] Failed to read DnsConfig.
[0220/171129.850:WARNING:dns_config_service_win.cc(668)] Failed to read DnsConfig.
[0220/171134.857:WARNING:dns_config_service_win.cc(668)] Failed to read DnsConfig.
[0220/171139.864:WARNING:dns_config_service_win.cc(668)] Failed to read DnsConfig.
[0220/171144.870:WARNING:dns_config_service_win.cc(668)] Failed to read DnsConfig.
[0220/171149.876:WARNING:dns_config_service_win.cc(668)] Failed to read DnsConfig.
[0220/171154.883:WARNING:dns_config_service_win.cc(668)] Failed to read DnsConfig.
[0220/171159.888:WARNING:dns_config_service_win.cc(668)] Failed to read DnsConfig.
[0220/171204.894:WARNING:dns_config_service_win.cc(668)] Failed to read DnsConfig.
[0220/171209.901:WARNING:dns_config_service_win.cc(668)] Failed to read DnsConfig.
[0220/171214.907:WARNING:dns_config_service_win.cc(668)] Failed to read DnsConfig.
[0220/171219.916:WARNING:dns_config_service_win.cc(668)] Failed to read DnsConfig.
[0220/171224.923:WARNING:dns_config_service_win.cc(668)] Failed to read DnsConfig.
[0220/171229.929:WARNING:dns_config_service_win.cc(668)] Failed to read DnsConfig.
[0220/171234.935:WARNING:dns_config_service_win.cc(668)] Failed to read DnsConfig.
[0220/171239.942:WARNING:dns_config_service_win.cc(668)] Failed to read DnsConfig.
[0220/171244.945:WARNING:dns_config_service_win.cc(668)] Failed to read DnsConfig.
[0220/171249.951:WARNING:dns_config_service_win.cc(668)] Failed to read DnsConfig.
[0220/171254.957:WARNING:dns_config_service_win.cc(668)] Failed to read DnsConfig.
[0220/171259.960:WARNING:dns_config_service_win.cc(668)] Failed to read DnsConfig.
[0220/171304.963:WARNING:dns_config_service_win.cc(668)] Failed to read DnsConfig.
[0220/171309.966:WARNING:dns_config_service_win.cc(668)] Failed to read DnsConfig.
[0220/171314.971:WARNING:dns_config_service_win.cc(668)] Failed to read DnsConfig.
[0220/171319.977:WARNING:dns_config_service_win.cc(668)] Failed to read DnsConfig.
[0220/171324.980:WARNING:dns_config_service_win.cc(668)] Failed to read DnsConfig.
[0220/171329.987:WARNING:dns_config_service_win.cc(668)] Failed to read DnsConfig.
[0220/171334.994:WARNING:dns_config_service_win.cc(668)] Failed to read DnsConfig.
[0220/171340.000:WARNING:dns_config_service_win.cc(668)] Failed to read DnsConfig.
[0220/171345.007:WARNING:dns_config_service_win.cc(668)] Failed to read DnsConfig.
[0220/171350.013:WARNING:dns_config_service_win.cc(668)] Failed to read DnsConfig.
[0220/171355.019:WARNING:dns_config_service_win.cc(668)] Failed to read DnsConfig.
[0220/171400.026:WARNING:dns_config_service_win.cc(668)] Failed to read DnsConfig.
[0220/171405.032:WARNING:dns_config_service_win.cc(668)] Failed to read DnsConfig.
[0220/171410.039:WARNING:dns_config_service_win.cc(668)] Failed to read DnsConfig.
[0220/171415.047:WARNING:dns_config_service_win.cc(668)] Failed to read DnsConfig.
[0220/171420.050:WARNING:dns_config_service_win.cc(668)] Failed to read DnsConfig.
[0220/171425.057:WARNING:dns_config_service_win.cc(668)] Failed to read DnsConfig.
[0220/171430.060:WARNING:dns_config_service_win.cc(668)] Failed to read DnsConfig.
[0220/171435.068:WARNING:dns_config_service_win.cc(668)] Failed to read DnsConfig.
[0220/171440.076:WARNING:dns_config_service_win.cc(668)] Failed to read DnsConfig.
[0220/171445.081:WARNING:dns_config_service_win.cc(668)] Failed to read DnsConfig.
[0220/171450.089:WARNING:dns_config_service_win.cc(668)] Failed to read DnsConfig.
[0220/171455.095:WARNING:dns_config_service_win.cc(668)] Failed to read DnsConfig.
[0220/171500.101:WARNING:dns_config_service_win.cc(668)] Failed to read DnsConfig.
[0220/171505.107:WARNING:dns_config_service_win.cc(668)] Failed to read DnsConfig.
[0220/171510.113:WARNING:dns_config_service_win.cc(668)] Failed to read DnsConfig.
[0220/171515.119:WARNING:dns_config_service_win.cc(668)] Failed to read DnsConfig.
[0220/171520.126:WARNING:dns_config_service_win.cc(668)] Failed to read DnsConfig.
[0220/171525.133:WARNING:dns_config_service_win.cc(668)] Failed to read DnsConfig.
[0220/171530.136:WARNING:dns_config_service_win.cc(668)] Failed to read DnsConfig.
[0220/171535.142:WARNING:dns_config_service_win.cc(668)] Failed to read DnsConfig.
[0220/171540.148:WARNING:dns_config_service_win.cc(668)] Failed to read DnsConfig.
[0220/171545.155:WARNING:dns_config_service_win.cc(668)] Failed to read DnsConfig.
[0220/171550.160:WARNING:dns_config_service_win.cc(668)] Failed to read DnsConfig.
[0220/171555.163:WARNING:dns_config_service_win.cc(668)] Failed to read DnsConfig.
[0220/171600.169:WARNING:dns_config_service_win.cc(668)] Failed to read DnsConfig.
[0220/171605.175:WARNING:dns_config_service_win.cc(668)] Failed to read DnsConfig.
[0220/171610.182:WARNING:dns_config_service_win.cc(668)] Failed to read DnsConfig.
[0220/171615.187:WARNING:dns_config_service_win.cc(668)] Failed to read DnsConfig.
[0220/171620.194:WARNING:dns_config_service_win.cc(668)] Failed to read DnsConfig.
[0220/171625.202:WARNING:dns_config_service_win.cc(668)] Failed to read DnsConfig.
[0220/171630.209:WARNING:dns_config_service_win.cc(668)] Failed to read DnsConfig.
[0220/171635.216:WARNING:dns_config_service_win.cc(668)] Failed to read DnsConfig.
[0220/171640.223:WARNING:dns_config_service_win.cc(668)] Failed to read DnsConfig.
[0220/171645.229:WARNING:dns_config_service_win.cc(668)] Failed to read DnsConfig.
[0220/171650.235:WARNING:dns_config_service_win.cc(668)] Failed to read DnsConfig.
[0220/171655.242:WARNING:dns_config_service_win.cc(668)] Failed to read DnsConfig.
[0220/171700.248:WARNING:dns_config_service_win.cc(668)] Failed to read DnsConfig.
[0220/171705.250:WARNING:dns_config_service_win.cc(668)] Failed to read DnsConfig.
[0220/171710.253:WARNING:dns_config_service_win.cc(668)] Failed to read DnsConfig.
[0220/171715.259:WARNING:dns_config_service_win.cc(668)] Failed to read DnsConfig.
[0220/171720.265:WARNING:dns_config_service_win.cc(668)] Failed to read DnsConfig.
[0220/171725.271:WARNING:dns_config_service_win.cc(668)] Failed to read DnsConfig.
[0220/171730.277:WARNING:dns_config_service_win.cc(668)] Failed to read DnsConfig.
[0220/171735.283:WARNING:dns_config_service_win.cc(668)] Failed to read DnsConfig.
[0220/171740.290:WARNING:dns_config_service_win.cc(668)] Failed to read DnsConfig.
[0220/171745.299:WARNING:dns_config_service_win.cc(668)] Failed to read DnsConfig.
[0220/171750.305:WARNING:dns_config_service_win.cc(668)] Failed to read DnsConfig.
[0220/171755.312:WARNING:dns_config_service_win.cc(668)] Failed to read DnsConfig.
[0220/171800.320:WARNING:dns_config_service_win.cc(668)] Failed to read DnsConfig.
[0220/171805.323:WARNING:dns_config_service_win.cc(668)] Failed to read DnsConfig.
[0220/171810.329:WARNING:dns_config_service_win.cc(668)] Failed to read DnsConfig.
[0220/171815.335:WARNING:dns_config_service_win.cc(668)] Failed to read DnsConfig.
[0220/171820.343:WARNING:dns_config_service_win.cc(668)] Failed to read DnsConfig.
[0220/171825.351:WARNING:dns_config_service_win.cc(668)] Failed to read DnsConfig.
[0220/171830.355:WARNING:dns_config_service_win.cc(668)] Failed to read DnsConfig.
[0220/171835.358:WARNING:dns_config_service_win.cc(668)] Failed to read DnsConfig.
[0220/171840.369:WARNING:dns_config_service_win.cc(668)] Failed to read DnsConfig.
[0220/171845.375:WARNING:dns_config_service_win.cc(668)] Failed to read DnsConfig.
[0220/171850.381:WARNING:dns_config_service_win.cc(668)] Failed to read DnsConfig.
[0220/171855.385:WARNING:dns_config_service_win.cc(668)] Failed to read DnsConfig.
[0220/171900.392:WARNING:dns_config_service_win.cc(668)] Failed to read DnsConfig.
[0220/171905.398:WARNING:dns_config_service_win.cc(668)] Failed to read DnsConfig.
[0220/171910.404:WARNING:dns_config_service_win.cc(668)] Failed to read DnsConfig.
[0220/171915.410:WARNING:dns_config_service_win.cc(668)] Failed to read DnsConfig.
[0220/171920.417:WARNING:dns_config_service_win.cc(668)] Failed to read DnsConfig.
[0220/171925.424:WARNING:dns_config_service_win.cc(668)] Failed to read DnsConfig.
[0220/171930.430:WARNING:dns_config_service_win.cc(668)] Failed to read DnsConfig.
[0220/171935.434:WARNING:dns_config_service_win.cc(668)] Failed to read DnsConfig.
[0220/171940.438:WARNING:dns_config_service_win.cc(668)] Failed to read DnsConfig.
[0220/171945.442:WARNING:dns_config_service_win.cc(668)] Failed to read DnsConfig.
[0220/171950.449:WARNING:dns_config_service_win.cc(668)] Failed to read DnsConfig.
[0220/171955.455:WARNING:dns_config_service_win.cc(668)] Failed to read DnsConfig.
[0220/172000.462:WARNING:dns_config_service_win.cc(668)] Failed to read DnsConfig.
[0220/172005.465:WARNING:dns_config_service_win.cc(668)] Failed to read DnsConfig.
[0220/172010.471:WARNING:dns_config_service_win.cc(668)] Failed to read DnsConfig.
[0220/172015.475:WARNING:dns_config_service_win.cc(668)] Failed to read DnsConfig.
[0220/172020.478:WARNING:dns_config_service_win.cc(668)] Failed to read DnsConfig.
[0220/172025.484:WARNING:dns_config_service_win.cc(668)] Failed to read DnsConfig.
[0220/172030.487:WARNING:dns_config_service_win.cc(668)] Failed to read DnsConfig.
[0220/172035.494:WARNING:dns_config_service_win.cc(668)] Failed to read DnsConfig.
[0220/172040.500:WARNING:dns_config_service_win.cc(668)] Failed to read DnsConfig.
[0220/172045.504:WARNING:dns_config_service_win.cc(668)] Failed to read DnsConfig.
[0220/172050.510:WARNING:dns_config_service_win.cc(668)] Failed to read DnsConfig.
[0220/172055.513:WARNING:dns_config_service_win.cc(668)] Failed to read DnsConfig.
[0220/172100.517:WARNING:dns_config_service_win.cc(668)] Failed to read DnsConfig.
[0220/172105.519:WARNING:dns_config_service_win.cc(668)] Failed to read DnsConfig.
[0220/172110.521:WARNING:dns_config_service_win.cc(668)] Failed to read DnsConfig.
[0220/172115.524:WARNING:dns_config_service_win.cc(668)] Failed to read DnsConfig.
[0220/172120.530:WARNING:dns_config_service_win.cc(668)] Failed to read DnsConfig.
[0220/172125.533:WARNING:dns_config_service_win.cc(668)] Failed to read DnsConfig.
[0220/172130.538:WARNING:dns_config_service_win.cc(668)] Failed to read DnsConfig.
[0220/172135.547:WARNING:dns_config_service_win.cc(668)] Failed to read DnsConfig.
[0220/172512.048:WARNING:dns_config_service_win.cc(668)] Failed to read DnsConfig.
[0220/172517.057:WARNING:dns_config_service_win.cc(668)] Failed to read DnsConfig.
[0220/172522.068:WARNING:dns_config_service_win.cc(668)] Failed to read DnsConfig.
[0220/172527.078:WARNING:dns_config_service_win.cc(668)] Failed to read DnsConfig.
[0220/172532.089:WARNING:dns_config_service_win.cc(668)] Failed to read DnsConfig.
[0220/172537.098:WARNING:dns_config_service_win.cc(668)] Failed to read DnsConfig.
[0220/172542.106:WARNING:dns_config_service_win.cc(668)] Failed to read DnsConfig.
[0220/172547.115:WARNING:dns_config_service_win.cc(668)] Failed to read DnsConfig.
[0220/172552.124:WARNING:dns_config_service_win.cc(668)] Failed to read DnsConfig.
[0220/172557.131:WARNING:dns_config_service_win.cc(668)] Failed to read DnsConfig.
[0220/172602.141:WARNING:dns_config_service_win.cc(668)] Failed to read DnsConfig.
[0220/172607.149:WARNING:dns_config_service_win.cc(668)] Failed to read DnsConfig.
[0220/172612.159:WARNING:dns_config_service_win.cc(668)] Failed to read DnsConfig.
[0220/172617.169:WARNING:dns_config_service_win.cc(668)] Failed to read DnsConfig.
[0220/172622.177:WARNING:dns_config_service_win.cc(668)] Failed to read DnsConfig.
[0220/172627.186:WARNING:dns_config_service_win.cc(668)] Failed to read DnsConfig.
[0220/172632.195:WARNING:dns_config_service_win.cc(668)] Failed to read DnsConfig.
[0220/172637.201:WARNING:dns_config_service_win.cc(668)] Failed to read DnsConfig.
[0220/172642.209:WARNING:dns_config_service_win.cc(668)] Failed to read DnsConfig.
[0220/172647.216:WARNING:dns_config_service_win.cc(668)] Failed to read DnsConfig.
[0220/172652.223:WARNING:dns_config_service_win.cc(668)] Failed to read DnsConfig.
[0220/172657.231:WARNING:dns_config_service_win.cc(668)] Failed to read DnsConfig.
[0220/172702.239:WARNING:dns_config_service_win.cc(668)] Failed to read DnsConfig.
[0220/172707.247:WARNING:dns_config_service_win.cc(668)] Failed to read DnsConfig.
[0220/172712.254:WARNING:dns_config_service_win.cc(668)] Failed to read DnsConfig.
[0220/172717.261:WARNING:dns_config_service_win.cc(668)] Failed to read DnsConfig.
[0220/172722.270:WARNING:dns_config_service_win.cc(668)] Failed to read DnsConfig.
[0220/172727.276:WARNING:dns_config_service_win.cc(668)] Failed to read DnsConfig.
[0220/172732.283:WARNING:dns_config_service_win.cc(668)] Failed to read DnsConfig.
[0220/172737.290:WARNING:dns_config_service_win.cc(668)] Failed to read DnsConfig.
[0220/172742.296:WARNING:dns_config_service_win.cc(668)] Failed to read DnsConfig.
[0220/172747.302:WARNING:dns_config_service_win.cc(668)] Failed to read DnsConfig.
[0220/172752.308:WARNING:dns_config_service_win.cc(668)] Failed to read DnsConfig.
[0220/172757.315:WARNING:dns_config_service_win.cc(668)] Failed to read DnsConfig.
[0220/172802.321:WARNING:dns_config_service_win.cc(668)] Failed to read DnsConfig.
[0220/172807.326:WARNING:dns_config_service_win.cc(668)] Failed to read DnsConfig.
[0220/172812.332:WARNING:dns_config_service_win.cc(668)] Failed to read DnsConfig.
[0220/172817.338:WARNING:dns_config_service_win.cc(668)] Failed to read DnsConfig.
[0220/172822.344:WARNING:dns_config_service_win.cc(668)] Failed to read DnsConfig.
[0220/172827.351:WARNING:dns_config_service_win.cc(668)] Failed to read DnsConfig.
[0220/172832.357:WARNING:dns_config_service_win.cc(668)] Failed to read DnsConfig.
[0220/172836.948:ERROR:media_internals.cc(112)] Cannot get RenderProcessHost
[0220/172837.364:WARNING:dns_config_service_win.cc(668)] Failed to read DnsConfig.
